INFO: [VRFC 10-2263] Analyzing Verilog file "C:/Users/Chris/Desktop/Research/Controller/Controller.sim/sim_1/synth/func/xsim/main_tb_func_synth.v" into library xil_defaultlib
INFO: [VRFC 10-311] analyzing module c_addsub_0
INFO: [VRFC 10-311] analyzing module c_addsub_1
INFO: [VRFC 10-311] analyzing module clk_wiz_0
INFO: [VRFC 10-311] analyzing module clk_wiz_0_clk_wiz_0_clk_wiz
INFO: [VRFC 10-311] analyzing module divide_clk
INFO: [VRFC 10-311] analyzing module main
INFO: [VRFC 10-311] analyzing module mult_gen_0
INFO: [VRFC 10-311] analyzing module stage1
INFO: [VRFC 10-311] analyzing module stage2
INFO: [VRFC 10-311] analyzing module stage3
INFO: [VRFC 10-311] analyzing module c_addsub_0_c_addsub_v12_0_12
INFO: [VRFC 10-311] analyzing module c_addsub_1_c_addsub_v12_0_12
INFO: [VRFC 10-311] analyzing module mult_gen_0_mult_gen_v12_0_14
INFO: [VRFC 10-311] analyzing module c_addsub_0_c_addsub_v12_0_12_fabric_legacy
INFO: [VRFC 10-311] analyzing module c_addsub_0_c_addsub_v12_0_12_fabric_legacy__parameterized1
INFO: [VRFC 10-311] analyzing module c_addsub_0_c_addsub_v12_0_12_fabric_legacy__parameterized3
INFO: [VRFC 10-311] analyzing module c_addsub_0_c_addsub_v12_0_12_fabric_legacy__parameterized5
INFO: [VRFC 10-311] analyzing module c_addsub_0_c_addsub_v12_0_12_fabric_legacy__parameterized5_2
INFO: [VRFC 10-311] analyzing module c_addsub_0_c_addsub_v12_0_12_legacy
INFO: [VRFC 10-311] analyzing module c_addsub_0_c_addsub_v12_0_12_lut6_legacy
INFO: [VRFC 10-311] analyzing module c_addsub_0_c_addsub_v12_0_12_lut6_legacy__parameterized1
INFO: [VRFC 10-311] analyzing module c_addsub_0_c_addsub_v12_0_12_lut6_legacy__parameterized3
INFO: [VRFC 10-311] analyzing module c_addsub_0_c_addsub_v12_0_12_lut6_legacy__parameterized5
INFO: [VRFC 10-311] analyzing module c_addsub_0_c_addsub_v12_0_12_lut6_legacy__parameterized5_4
INFO: [VRFC 10-311] analyzing module c_addsub_0_c_addsub_v12_0_12_viv
INFO: [VRFC 10-311] analyzing module c_addsub_0_c_reg_fd_v12_0_5_viv
INFO: [VRFC 10-311] analyzing module c_addsub_0_c_reg_fd_v12_0_5_viv_9
INFO: [VRFC 10-311] analyzing module c_addsub_0_c_reg_fd_v12_0_5_viv__parameterized1
INFO: [VRFC 10-311] analyzing module c_addsub_0_c_reg_fd_v12_0_5_viv__parameterized1_0
INFO: [VRFC 10-311] analyzing module c_addsub_0_c_reg_fd_v12_0_5_viv__parameterized1_8
INFO: [VRFC 10-311] analyzing module c_addsub_0_c_reg_fd_v12_0_5_viv__parameterized4
INFO: [VRFC 10-311] analyzing module c_addsub_0_c_reg_fd_v12_0_5_viv__parameterized4_1
INFO: [VRFC 10-311] analyzing module c_addsub_0_c_reg_fd_v12_0_5_viv__parameterized4_3
INFO: [VRFC 10-311] analyzing module c_addsub_0_c_reg_fd_v12_0_5_viv__parameterized4_5
INFO: [VRFC 10-311] analyzing module c_addsub_0_c_reg_fd_v12_0_5_viv__parameterized4_6
INFO: [VRFC 10-311] analyzing module c_addsub_0_c_reg_fd_v12_0_5_viv__parameterized4_7
INFO: [VRFC 10-311] analyzing module c_addsub_0_c_reg_fd_v12_0_5_viv__parameterized7
INFO: [VRFC 10-311] analyzing module c_addsub_1_c_addsub_v12_0_12_fabric_legacy
INFO: [VRFC 10-311] analyzing module c_addsub_1_c_addsub_v12_0_12_fabric_legacy__parameterized1
INFO: [VRFC 10-311] analyzing module c_addsub_1_c_addsub_v12_0_12_fabric_legacy__parameterized3
INFO: [VRFC 10-311] analyzing module c_addsub_1_c_addsub_v12_0_12_fabric_legacy__parameterized5
INFO: [VRFC 10-311] analyzing module c_addsub_1_c_addsub_v12_0_12_fabric_legacy__parameterized5_2
INFO: [VRFC 10-311] analyzing module c_addsub_1_c_addsub_v12_0_12_legacy
INFO: [VRFC 10-311] analyzing module c_addsub_1_c_addsub_v12_0_12_lut6_legacy
INFO: [VRFC 10-311] analyzing module c_addsub_1_c_addsub_v12_0_12_lut6_legacy__parameterized1
INFO: [VRFC 10-311] analyzing module c_addsub_1_c_addsub_v12_0_12_lut6_legacy__parameterized3
INFO: [VRFC 10-311] analyzing module c_addsub_1_c_addsub_v12_0_12_lut6_legacy__parameterized5
INFO: [VRFC 10-311] analyzing module c_addsub_1_c_addsub_v12_0_12_lut6_legacy__parameterized5_4
INFO: [VRFC 10-311] analyzing module c_addsub_1_c_addsub_v12_0_12_viv
INFO: [VRFC 10-311] analyzing module c_addsub_1_c_reg_fd_v12_0_5_viv
INFO: [VRFC 10-311] analyzing module c_addsub_1_c_reg_fd_v12_0_5_viv_10
INFO: [VRFC 10-311] analyzing module c_addsub_1_c_reg_fd_v12_0_5_viv_8
INFO: [VRFC 10-311] analyzing module c_addsub_1_c_reg_fd_v12_0_5_viv__parameterized1
INFO: [VRFC 10-311] analyzing module c_addsub_1_c_reg_fd_v12_0_5_viv__parameterized1_0
INFO: [VRFC 10-311] analyzing module c_addsub_1_c_reg_fd_v12_0_5_viv__parameterized1_9
INFO: [VRFC 10-311] analyzing module c_addsub_1_c_reg_fd_v12_0_5_viv__parameterized4
INFO: [VRFC 10-311] analyzing module c_addsub_1_c_reg_fd_v12_0_5_viv__parameterized4_1
INFO: [VRFC 10-311] analyzing module c_addsub_1_c_reg_fd_v12_0_5_viv__parameterized4_3
INFO: [VRFC 10-311] analyzing module c_addsub_1_c_reg_fd_v12_0_5_viv__parameterized4_5
INFO: [VRFC 10-311] analyzing module c_addsub_1_c_reg_fd_v12_0_5_viv__parameterized4_6
INFO: [VRFC 10-311] analyzing module c_addsub_1_c_reg_fd_v12_0_5_viv__parameterized4_7
INFO: [VRFC 10-311] analyzing module mult_gen_0_luts
INFO: [VRFC 10-311] analyzing module mult_gen_0_mult_gen_v12_0_14_viv
INFO: [VRFC 10-311] analyzing module glbl
INFO: [VRFC 10-2263] Analyzing Verilog file "C:/Users/Chris/Desktop/Research/Controller/Controller.srcs/sim_1/new/main_tb.v" into library xil_defaultlib
INFO: [VRFC 10-311] analyzing module main_tb
