INFO: [VRFC 10-2263] Analyzing Verilog file "C:/Users/Chris/Desktop/Research/Controller/Controller.sim/sim_1/synth/timing/xsim/main_tb_time_synth.v" into library xil_defaultlib
INFO: [VRFC 10-311] analyzing module c_addsub_0
INFO: [VRFC 10-311] analyzing module c_addsub_1
INFO: [VRFC 10-311] analyzing module c_addsub_1_HD39
INFO: [VRFC 10-311] analyzing module clk_wiz_0
INFO: [VRFC 10-311] analyzing module clk_wiz_0_clk_wiz_0_clk_wiz
INFO: [VRFC 10-311] analyzing module main
INFO: [VRFC 10-311] analyzing module mult_gen_0
INFO: [VRFC 10-311] analyzing module mult_gen_0_HD34
INFO: [VRFC 10-311] analyzing module stage1
INFO: [VRFC 10-311] analyzing module stage2
INFO: [VRFC 10-311] analyzing module stage3
INFO: [VRFC 10-311] analyzing module c_addsub_0_c_addsub_v12_0_12
INFO: [VRFC 10-311] analyzing module c_addsub_1_c_addsub_v12_0_12
INFO: [VRFC 10-311] analyzing module c_addsub_1_c_addsub_v12_0_12_HD40
INFO: [VRFC 10-311] analyzing module mult_gen_0_mult_gen_v12_0_14
INFO: [VRFC 10-311] analyzing module mult_gen_0_mult_gen_v12_0_14_HD35
INFO: [VRFC 10-311] analyzing module c_addsub_0_c_addsub_v12_0_12_fabric_legacy
INFO: [VRFC 10-311] analyzing module c_addsub_0_c_addsub_v12_0_12_fabric_legacy__parameterized1
INFO: [VRFC 10-311] analyzing module c_addsub_0_c_addsub_v12_0_12_fabric_legacy__parameterized3
INFO: [VRFC 10-311] analyzing module c_addsub_0_c_addsub_v12_0_12_fabric_legacy__parameterized5
INFO: [VRFC 10-311] analyzing module c_addsub_0_c_addsub_v12_0_12_fabric_legacy__parameterized5_2
INFO: [VRFC 10-311] analyzing module c_addsub_0_c_addsub_v12_0_12_legacy
INFO: [VRFC 10-311] analyzing module c_addsub_0_c_addsub_v12_0_12_lut6_legacy
INFO: [VRFC 10-311] analyzing module c_addsub_0_c_addsub_v12_0_12_lut6_legacy__parameterized1
INFO: [VRFC 10-311] analyzing module c_addsub_0_c_addsub_v12_0_12_lut6_legacy__parameterized3
INFO: [VRFC 10-311] analyzing module c_addsub_0_c_addsub_v12_0_12_lut6_legacy__parameterized5
INFO: [VRFC 10-311] analyzing module c_addsub_0_c_addsub_v12_0_12_lut6_legacy__parameterized5_4
INFO: [VRFC 10-311] analyzing module c_addsub_0_c_addsub_v12_0_12_viv
INFO: [VRFC 10-311] analyzing module c_addsub_0_c_reg_fd_v12_0_5_viv
INFO: [VRFC 10-311] analyzing module c_addsub_0_c_reg_fd_v12_0_5_viv_9
INFO: [VRFC 10-311] analyzing module c_addsub_0_c_reg_fd_v12_0_5_viv__parameterized1
INFO: [VRFC 10-311] analyzing module c_addsub_0_c_reg_fd_v12_0_5_viv__parameterized1_0
INFO: [VRFC 10-311] analyzing module c_addsub_0_c_reg_fd_v12_0_5_viv__parameterized1_8
INFO: [VRFC 10-311] analyzing module c_addsub_0_c_reg_fd_v12_0_5_viv__parameterized4
INFO: [VRFC 10-311] analyzing module c_addsub_0_c_reg_fd_v12_0_5_viv__parameterized4_1
INFO: [VRFC 10-311] analyzing module c_addsub_0_c_reg_fd_v12_0_5_viv__parameterized4_3
INFO: [VRFC 10-311] analyzing module c_addsub_0_c_reg_fd_v12_0_5_viv__parameterized4_5
INFO: [VRFC 10-311] analyzing module c_addsub_0_c_reg_fd_v12_0_5_viv__parameterized4_6
INFO: [VRFC 10-311] analyzing module c_addsub_0_c_reg_fd_v12_0_5_viv__parameterized4_7
INFO: [VRFC 10-311] analyzing module c_addsub_0_c_reg_fd_v12_0_5_viv__parameterized7
INFO: [VRFC 10-311] analyzing module c_addsub_1_c_addsub_v12_0_12_fabric_legacy
INFO: [VRFC 10-311] analyzing module c_addsub_1_c_addsub_v12_0_12_fabric_legacy_HD43
INFO: [VRFC 10-311] analyzing module c_addsub_1_c_addsub_v12_0_12_fabric_legacy__parameterized1
INFO: [VRFC 10-311] analyzing module c_addsub_1_c_addsub_v12_0_12_fabric_legacy__parameterized1_HD47
INFO: [VRFC 10-311] analyzing module c_addsub_1_c_addsub_v12_0_12_fabric_legacy__parameterized3
INFO: [VRFC 10-311] analyzing module c_addsub_1_c_addsub_v12_0_12_fabric_legacy__parameterized3_HD51
INFO: [VRFC 10-311] analyzing module c_addsub_1_c_addsub_v12_0_12_fabric_legacy__parameterized5
INFO: [VRFC 10-311] analyzing module c_addsub_1_c_addsub_v12_0_12_fabric_legacy__parameterized5_2
INFO: [VRFC 10-311] analyzing module c_addsub_1_c_addsub_v12_0_12_fabric_legacy__parameterized5_2_HD62
INFO: [VRFC 10-311] analyzing module c_addsub_1_c_addsub_v12_0_12_fabric_legacy__parameterized5_HD55
INFO: [VRFC 10-311] analyzing module c_addsub_1_c_addsub_v12_0_12_legacy
INFO: [VRFC 10-311] analyzing module c_addsub_1_c_addsub_v12_0_12_legacy_HD42
INFO: [VRFC 10-311] analyzing module c_addsub_1_c_addsub_v12_0_12_lut6_legacy
INFO: [VRFC 10-311] analyzing module c_addsub_1_c_addsub_v12_0_12_lut6_legacy_HD44
INFO: [VRFC 10-311] analyzing module c_addsub_1_c_addsub_v12_0_12_lut6_legacy__parameterized1
INFO: [VRFC 10-311] analyzing module c_addsub_1_c_addsub_v12_0_12_lut6_legacy__parameterized1_HD48
INFO: [VRFC 10-311] analyzing module c_addsub_1_c_addsub_v12_0_12_lut6_legacy__parameterized3
INFO: [VRFC 10-311] analyzing module c_addsub_1_c_addsub_v12_0_12_lut6_legacy__parameterized3_HD52
INFO: [VRFC 10-311] analyzing module c_addsub_1_c_addsub_v12_0_12_lut6_legacy__parameterized5
INFO: [VRFC 10-311] analyzing module c_addsub_1_c_addsub_v12_0_12_lut6_legacy__parameterized5_4
INFO: [VRFC 10-311] analyzing module c_addsub_1_c_addsub_v12_0_12_lut6_legacy__parameterized5_4_HD56
INFO: [VRFC 10-311] analyzing module c_addsub_1_c_addsub_v12_0_12_lut6_legacy__parameterized5_HD63
INFO: [VRFC 10-311] analyzing module c_addsub_1_c_addsub_v12_0_12_viv
INFO: [VRFC 10-311] analyzing module c_addsub_1_c_addsub_v12_0_12_viv_HD41
INFO: [VRFC 10-311] analyzing module c_addsub_1_c_reg_fd_v12_0_5_viv
INFO: [VRFC 10-311] analyzing module c_addsub_1_c_reg_fd_v12_0_5_viv_10
INFO: [VRFC 10-311] analyzing module c_addsub_1_c_reg_fd_v12_0_5_viv_10_HD46
INFO: [VRFC 10-311] analyzing module c_addsub_1_c_reg_fd_v12_0_5_viv_8
INFO: [VRFC 10-311] analyzing module c_addsub_1_c_reg_fd_v12_0_5_viv_8_HD50
INFO: [VRFC 10-311] analyzing module c_addsub_1_c_reg_fd_v12_0_5_viv_HD58
INFO: [VRFC 10-311] analyzing module c_addsub_1_c_reg_fd_v12_0_5_viv__parameterized1
INFO: [VRFC 10-311] analyzing module c_addsub_1_c_reg_fd_v12_0_5_viv__parameterized1_0
INFO: [VRFC 10-311] analyzing module c_addsub_1_c_reg_fd_v12_0_5_viv__parameterized1_0_HD60
INFO: [VRFC 10-311] analyzing module c_addsub_1_c_reg_fd_v12_0_5_viv__parameterized1_9
INFO: [VRFC 10-311] analyzing module c_addsub_1_c_reg_fd_v12_0_5_viv__parameterized1_9_HD45
INFO: [VRFC 10-311] analyzing module c_addsub_1_c_reg_fd_v12_0_5_viv__parameterized1_HD54
INFO: [VRFC 10-311] analyzing module c_addsub_1_c_reg_fd_v12_0_5_viv__parameterized4
INFO: [VRFC 10-311] analyzing module c_addsub_1_c_reg_fd_v12_0_5_viv__parameterized4_1
INFO: [VRFC 10-311] analyzing module c_addsub_1_c_reg_fd_v12_0_5_viv__parameterized4_1_HD61
INFO: [VRFC 10-311] analyzing module c_addsub_1_c_reg_fd_v12_0_5_viv__parameterized4_3
INFO: [VRFC 10-311] analyzing module c_addsub_1_c_reg_fd_v12_0_5_viv__parameterized4_3_HD64
INFO: [VRFC 10-311] analyzing module c_addsub_1_c_reg_fd_v12_0_5_viv__parameterized4_5
INFO: [VRFC 10-311] analyzing module c_addsub_1_c_reg_fd_v12_0_5_viv__parameterized4_5_HD57
INFO: [VRFC 10-311] analyzing module c_addsub_1_c_reg_fd_v12_0_5_viv__parameterized4_6
INFO: [VRFC 10-311] analyzing module c_addsub_1_c_reg_fd_v12_0_5_viv__parameterized4_6_HD53
INFO: [VRFC 10-311] analyzing module c_addsub_1_c_reg_fd_v12_0_5_viv__parameterized4_7
INFO: [VRFC 10-311] analyzing module c_addsub_1_c_reg_fd_v12_0_5_viv__parameterized4_7_HD49
INFO: [VRFC 10-311] analyzing module c_addsub_1_c_reg_fd_v12_0_5_viv__parameterized4_HD59
INFO: [VRFC 10-311] analyzing module mult_gen_0_luts
INFO: [VRFC 10-311] analyzing module mult_gen_0_luts_HD37
INFO: [VRFC 10-311] analyzing module mult_gen_0_mult_gen_v12_0_14_viv
INFO: [VRFC 10-311] analyzing module mult_gen_0_mult_gen_v12_0_14_viv_HD36
INFO: [VRFC 10-311] analyzing module glbl
INFO: [VRFC 10-2263] Analyzing Verilog file "C:/Users/Chris/Desktop/Research/Controller/Controller.srcs/sim_1/new/main_tb.v" into library xil_defaultlib
INFO: [VRFC 10-311] analyzing module main_tb
